Drill report for Panel.kicad_pcb
Created on 2023-01-27 1:53:09 AM

Copper Layer Stackup:
    =============================================================
    L1 :  F.Cu                      front
    L2 :  B.Cu                      back


Drill file 'Panel-PTH.drl' contains
    plated through holes:
    =============================================================
    T1  0.350mm  0.0138"  (9 holes)
    T2  0.400mm  0.0157"  (24 holes)
    T3  0.400mm  0.0157"  (16 holes)
    T4  0.600mm  0.0236"  (4 holes)  (with 4 slots)
    T5  0.650mm  0.0256"  (6 holes)
    T6  0.800mm  0.0315"  (2 holes)
    T7  1.000mm  0.0394"  (19 holes)
    T8  1.100mm  0.0433"  (10 holes)
    T9  1.200mm  0.0472"  (7 holes)
    T10  1.800mm  0.0709"  (8 holes)

    Total plated holes count 105


Drill file 'Panel-NPTH.drl' contains
    unplated through holes:
    =============================================================
    T1  3.000mm  0.1181"  (4 holes)

    Total unplated holes count 4
